<?xml version="1.0" encoding="UTF-8"?>
<!-- Generated by org.testng.reporters.JUnitReportReporter -->
<testsuite skipped="0" hostname="DESKTOP-GF47L8C" name="Handzap.TestCases.Runner" tests="67" failures="0" timestamp="2020-03-31T15:32:56 IST" time="1005.701" errors="0">
  <testcase name="NavigationtoLanguagesScreen" time="4.791" classname="Handzap.TestCases.Runner"/>
  <testcase name="Loginnavigation" time="7.472" classname="Handzap.TestCases.Runner"/>
  <testcase name="SignupNavigation" time="8.478" classname="Handzap.TestCases.Runner"/>
  <testcase name="CreateAccountwithInvalidPhoneNumber" time="14.760" classname="Handzap.TestCases.Runner"/>
  <testcase name="CreateAccountwithInvalidFullName" time="11.548" classname="Handzap.TestCases.Runner"/>
  <testcase name="CreateAccountwithInvalidPassword" time="10.997" classname="Handzap.TestCases.Runner"/>
  <testcase name="CreateAccountwithRegisterednumber" time="10.530" classname="Handzap.TestCases.Runner"/>
  <testcase name="CreateAccountwithnumberirrespectivetocountry" time="8.512" classname="Handzap.TestCases.Runner"/>
  <testcase name="login" time="17.042" classname="Handzap.TestCases.Runner"/>
  <testcase name="CreateNewPost" time="50.075" classname="Handzap.TestCases.Runner"/>
  <testcase name="editpostformultidaysjob" time="24.538" classname="Handzap.TestCases.Runner"/>
  <testcase name="editpostasrecurringjob" time="23.626" classname="Handzap.TestCases.Runner"/>
  <testcase name="editpostassamedayjob" time="23.381" classname="Handzap.TestCases.Runner"/>
  <testcase name="editpostforpaymentmethodascash" time="22.457" classname="Handzap.TestCases.Runner"/>
  <testcase name="editpostforpaymentmethodasEpayment" time="22.883" classname="Handzap.TestCases.Runner"/>
  <testcase name="editpostforpaymentmethodasFixedBudget" time="22.537" classname="Handzap.TestCases.Runner"/>
  <testcase name="editpostforpaymentmethodasHourlyRate" time="22.861" classname="Handzap.TestCases.Runner"/>
  <testcase name="InviteFavourites" time="13.925" classname="Handzap.TestCases.Runner"/>
  <testcase name="DisableNotificationsforPost" time="7.344" classname="Handzap.TestCases.Runner"/>
  <testcase name="EnableNotificationsforPost" time="7.395" classname="Handzap.TestCases.Runner"/>
  <testcase name="PausePost" time="8.391" classname="Handzap.TestCases.Runner"/>
  <testcase name="ResumePost" time="8.256" classname="Handzap.TestCases.Runner"/>
  <testcase name="Cancelfordeletepost" time="10.111" classname="Handzap.TestCases.Runner"/>
  <testcase name="deletePost" time="11.953" classname="Handzap.TestCases.Runner"/>
  <testcase name="DisableNotificationsforsearch" time="11.795" classname="Handzap.TestCases.Runner"/>
  <testcase name="EnableNotificationsforsearch" time="8.317" classname="Handzap.TestCases.Runner"/>
  <testcase name="Pausesearch" time="9.180" classname="Handzap.TestCases.Runner"/>
  <testcase name="Resumesearch" time="8.282" classname="Handzap.TestCases.Runner"/>
  <testcase name="EditsearchRatefieldasFixedBudget" time="19.177" classname="Handzap.TestCases.Runner"/>
  <testcase name="EditsearchRatefieldasHourlyRate" time="15.528" classname="Handzap.TestCases.Runner"/>
  <testcase name="EditsearchPaymentMethodasEPayment" time="22.998" classname="Handzap.TestCases.Runner"/>
  <testcase name="EditsearchPaymentMethodasCash" time="23.832" classname="Handzap.TestCases.Runner"/>
  <testcase name="SearchRadiustoFiveKms" time="17.703" classname="Handzap.TestCases.Runner"/>
  <testcase name="SearchRadiustoTenKms" time="17.805" classname="Handzap.TestCases.Runner"/>
  <testcase name="SearchRadiustoTwentyFiveKms" time="16.341" classname="Handzap.TestCases.Runner"/>
  <testcase name="SearchRadiustoFiftyKms" time="16.452" classname="Handzap.TestCases.Runner"/>
  <testcase name="SearchRadiustoHundredKms" time="16.263" classname="Handzap.TestCases.Runner"/>
  <testcase name="SearchRadiustoTwoFiftyKms" time="13.168" classname="Handzap.TestCases.Runner"/>
  <testcase name="JobtermFieldasRecurring" time="15.212" classname="Handzap.TestCases.Runner"/>
  <testcase name="JobtermFieldasSameDayJob" time="14.858" classname="Handzap.TestCases.Runner"/>
  <testcase name="JobtermFieldasMultiDaysJob" time="15.050" classname="Handzap.TestCases.Runner"/>
  <testcase name="CancelSearch" time="9.758" classname="Handzap.TestCases.Runner"/>
  <testcase name="deletesearch" time="12.929" classname="Handzap.TestCases.Runner"/>
  <testcase name="UpdateNamewithInValidData" time="20.750" classname="Handzap.TestCases.Runner"/>
  <testcase name="UpdateNamewithValidData" time="12.028" classname="Handzap.TestCases.Runner"/>
  <testcase name="AddEmailwithInValidData" time="12.809" classname="Handzap.TestCases.Runner"/>
  <testcase name="AddEmailwithValidData" time="14.446" classname="Handzap.TestCases.Runner"/>
  <testcase name="DifferentPasswords" time="20.208" classname="Handzap.TestCases.Runner"/>
  <testcase name="UpdatePasswordwithInvalidOTP" time="43.810" classname="Handzap.TestCases.Runner"/>
  <testcase name="turnOntwoStepVerification" time="8.062" classname="Handzap.TestCases.Runner"/>
  <testcase name="DeletethePicture" time="14.298" classname="Handzap.TestCases.Runner"/>
  <testcase name="Settings" time="11.548" classname="Handzap.TestCases.Runner"/>
  <testcase name="DisableAudiocallforPost" time="9.924" classname="Handzap.TestCases.Runner"/>
  <testcase name="DisableVideocallforPost" time="12.064" classname="Handzap.TestCases.Runner"/>
  <testcase name="DisableAlertsforPost" time="9.752" classname="Handzap.TestCases.Runner"/>
  <testcase name="DisableAllNotificationsforPost" time="11.810" classname="Handzap.TestCases.Runner"/>
  <testcase name="DisableAudiocallforSearch" time="11.800" classname="Handzap.TestCases.Runner"/>
  <testcase name="DisableVideocallforSearch" time="9.834" classname="Handzap.TestCases.Runner"/>
  <testcase name="DisableAlertsforSearch" time="9.936" classname="Handzap.TestCases.Runner"/>
  <testcase name="DisableAllNotificationsforSearch" time="10.560" classname="Handzap.TestCases.Runner"/>
  <testcase name="DoNotDisturbforAlways" time="10.992" classname="Handzap.TestCases.Runner"/>
  <testcase name="DoNotDisturbforSchedulded" time="25.249" classname="Handzap.TestCases.Runner"/>
  <testcase name="DisablePosterInvitation" time="9.693" classname="Handzap.TestCases.Runner"/>
  <testcase name="RetentionforSixMonths" time="16.541" classname="Handzap.TestCases.Runner"/>
  <testcase name="RetentionforNineMonths" time="13.716" classname="Handzap.TestCases.Runner"/>
  <testcase name="RetentionforTwelveMonths" time="13.631" classname="Handzap.TestCases.Runner"/>
  <testcase name="RetentionforNever" time="13.729" classname="Handzap.TestCases.Runner"/>
</testsuite> <!-- Handzap.TestCases.Runner -->
