<?xml version="1.0" encoding="UTF-8"?>
<!-- Generated by org.testng.reporters.JUnitReportReporter -->
<testsuite skipped="0" hostname="DESKTOP-GF47L8C" name="NewPostRun.NewPost" tests="1" failures="0" timestamp="2020-03-31T17:52:50 IST" time="55.649" errors="0">
  <testcase name="CreateNewPost" time="55.649" classname="NewPostRun.NewPost"/>
</testsuite> <!-- NewPostRun.NewPost -->
