<?xml version="1.0" encoding="UTF-8"?>
<!-- Generated by org.testng.reporters.JUnitReportReporter -->
<testsuite skipped="0" hostname="DESKTOP-GF47L8C" name="Handzap.TestCases.NewPostRun" tests="1" failures="0" timestamp="2020-03-31T11:08:07 IST" time="49.981" errors="0">
  <testcase name="CreateNewPost" time="49.981" classname="Handzap.TestCases.NewPostRun"/>
</testsuite> <!-- Handzap.TestCases.NewPostRun -->
